nohup: ignoring input
2026-02-28 16:00:19 开始循环抢机...
2026-02-28 16:00:19 开始尝试创建实例（轮询 AD2/AD3/AD1）...
2026-02-28 16:00:19 开始尝试创建实例（轮询 AD2/AD3/AD1）...
2026-02-28 16:00:19 尝试 AD: GrMI:PHX-AD-2
2026-02-28 16:02:03 AD GrMI:PHX-AD-2 无容量，继续尝试下一个 AD...
2026-02-28 16:02:03 尝试 AD: GrMI:PHX-AD-3
2026-02-28 16:03:47 AD GrMI:PHX-AD-3 无容量，继续尝试下一个 AD...
2026-02-28 16:03:47 尝试 AD: GrMI:PHX-AD-1
2026-02-28 16:05:30 AD GrMI:PHX-AD-1 无容量，继续尝试下一个 AD...
2026-02-28 16:05:30 三个 AD 都失败，本轮结束，随机等待 4 秒...
2026-02-28 16:05:34 创建失败（累计失败次数：1），等待 10 秒后重试...
2026-02-28 16:05:44 开始尝试创建实例（轮询 AD2/AD3/AD1）...
2026-02-28 16:05:44 开始尝试创建实例（轮询 AD2/AD3/AD1）...
2026-02-28 16:05:44 尝试 AD: GrMI:PHX-AD-2
2026-02-28 16:07:28 AD GrMI:PHX-AD-2 无容量，继续尝试下一个 AD...
2026-02-28 16:07:28 尝试 AD: GrMI:PHX-AD-3
2026-02-28 16:09:12 AD GrMI:PHX-AD-3 无容量，继续尝试下一个 AD...
2026-02-28 16:09:12 尝试 AD: GrMI:PHX-AD-1
2026-02-28 16:10:56 AD GrMI:PHX-AD-1 无容量，继续尝试下一个 AD...
2026-02-28 16:10:56 三个 AD 都失败，本轮结束，随机等待 3 秒...
2026-02-28 16:10:59 创建失败（累计失败次数：2），等待 10 秒后重试...
2026-02-28 16:11:09 开始尝试创建实例（轮询 AD2/AD3/AD1）...
2026-02-28 16:11:09 开始尝试创建实例（轮询 AD2/AD3/AD1）...
2026-02-28 16:11:09 尝试 AD: GrMI:PHX-AD-2
2026-02-28 16:12:50 AD GrMI:PHX-AD-2 无容量，继续尝试下一个 AD...
2026-02-28 16:12:50 尝试 AD: GrMI:PHX-AD-3
2026-02-28 16:14:35 AD GrMI:PHX-AD-3 无容量，继续尝试下一个 AD...
2026-02-28 16:14:35 尝试 AD: GrMI:PHX-AD-1
2026-02-28 16:16:18 AD GrMI:PHX-AD-1 无容量，继续尝试下一个 AD...
2026-02-28 16:16:18 三个 AD 都失败，本轮结束，随机等待 4 秒...
2026-02-28 16:16:22 创建失败（累计失败次数：3），等待 10 秒后重试...
2026-02-28 16:16:32 开始尝试创建实例（轮询 AD2/AD3/AD1）...
2026-02-28 16:16:32 开始尝试创建实例（轮询 AD2/AD3/AD1）...
2026-02-28 16:16:32 尝试 AD: GrMI:PHX-AD-2
2026-02-28 16:18:16 AD GrMI:PHX-AD-2 无容量，继续尝试下一个 AD...
2026-02-28 16:18:16 尝试 AD: GrMI:PHX-AD-3
2026-02-28 16:19:58 AD GrMI:PHX-AD-3 无容量，继续尝试下一个 AD...
2026-02-28 16:19:58 尝试 AD: GrMI:PHX-AD-1
2026-02-28 16:21:42 AD GrMI:PHX-AD-1 无容量，继续尝试下一个 AD...
2026-02-28 16:21:42 三个 AD 都失败，本轮结束，随机等待 4 秒...
2026-02-28 16:21:46 创建失败（累计失败次数：4），等待 10 秒后重试...
2026-02-28 16:21:56 开始尝试创建实例（轮询 AD2/AD3/AD1）...
2026-02-28 16:21:56 开始尝试创建实例（轮询 AD2/AD3/AD1）...
2026-02-28 16:21:56 尝试 AD: GrMI:PHX-AD-2
2026-02-28 16:23:39 AD GrMI:PHX-AD-2 无容量，继续尝试下一个 AD...
2026-02-28 16:23:39 尝试 AD: GrMI:PHX-AD-3
2026-02-28 16:25:23 AD GrMI:PHX-AD-3 无容量，继续尝试下一个 AD...
2026-02-28 16:25:23 尝试 AD: GrMI:PHX-AD-1
2026-02-28 16:27:09 AD GrMI:PHX-AD-1 无容量，继续尝试下一个 AD...
2026-02-28 16:27:09 三个 AD 都失败，本轮结束，随机等待 5 秒...
2026-02-28 16:27:14 创建失败（累计失败次数：5），等待 10 秒后重试...
2026-02-28 16:27:24 开始尝试创建实例（轮询 AD2/AD3/AD1）...
2026-02-28 16:27:24 开始尝试创建实例（轮询 AD2/AD3/AD1）...
2026-02-28 16:27:24 尝试 AD: GrMI:PHX-AD-2
2026-02-28 16:29:07 AD GrMI:PHX-AD-2 无容量，继续尝试下一个 AD...
2026-02-28 16:29:07 尝试 AD: GrMI:PHX-AD-3
2026-02-28 16:30:48 AD GrMI:PHX-AD-3 无容量，继续尝试下一个 AD...
2026-02-28 16:30:48 尝试 AD: GrMI:PHX-AD-1
2026-02-28 16:32:32 AD GrMI:PHX-AD-1 无容量，继续尝试下一个 AD...
2026-02-28 16:32:32 三个 AD 都失败，本轮结束，随机等待 4 秒...
2026-02-28 16:32:36 创建失败（累计失败次数：6），等待 10 秒后重试...
2026-02-28 16:32:46 开始尝试创建实例（轮询 AD2/AD3/AD1）...
2026-02-28 16:32:46 开始尝试创建实例（轮询 AD2/AD3/AD1）...
2026-02-28 16:32:46 尝试 AD: GrMI:PHX-AD-2
2026-02-28 16:34:29 AD GrMI:PHX-AD-2 无容量，继续尝试下一个 AD...
2026-02-28 16:34:29 尝试 AD: GrMI:PHX-AD-3
2026-02-28 16:36:13 AD GrMI:PHX-AD-3 无容量，继续尝试下一个 AD...
2026-02-28 16:36:13 尝试 AD: GrMI:PHX-AD-1
2026-02-28 16:37:57 AD GrMI:PHX-AD-1 无容量，继续尝试下一个 AD...
2026-02-28 16:37:57 三个 AD 都失败，本轮结束，随机等待 2 秒...
2026-02-28 16:37:59 创建失败（累计失败次数：7），等待 10 秒后重试...
2026-02-28 16:38:09 开始尝试创建实例（轮询 AD2/AD3/AD1）...
2026-02-28 16:38:09 开始尝试创建实例（轮询 AD2/AD3/AD1）...
2026-02-28 16:38:09 尝试 AD: GrMI:PHX-AD-2
2026-02-28 16:39:52 AD GrMI:PHX-AD-2 无容量，继续尝试下一个 AD...
2026-02-28 16:39:52 尝试 AD: GrMI:PHX-AD-3
2026-02-28 16:41:34 AD GrMI:PHX-AD-3 无容量，继续尝试下一个 AD...
2026-02-28 16:41:34 尝试 AD: GrMI:PHX-AD-1
2026-02-28 16:43:19 AD GrMI:PHX-AD-1 无容量，继续尝试下一个 AD...
2026-02-28 16:43:19 三个 AD 都失败，本轮结束，随机等待 3 秒...
2026-02-28 16:43:22 创建失败（累计失败次数：8），等待 10 秒后重试...
2026-02-28 16:43:32 开始尝试创建实例（轮询 AD2/AD3/AD1）...
2026-02-28 16:43:32 开始尝试创建实例（轮询 AD2/AD3/AD1）...
2026-02-28 16:43:32 尝试 AD: GrMI:PHX-AD-2
2026-02-28 16:45:16 AD GrMI:PHX-AD-2 无容量，继续尝试下一个 AD...
2026-02-28 16:45:16 尝试 AD: GrMI:PHX-AD-3
2026-02-28 16:47:01 AD GrMI:PHX-AD-3 无容量，继续尝试下一个 AD...
2026-02-28 16:47:01 尝试 AD: GrMI:PHX-AD-1
2026-02-28 16:48:45 AD GrMI:PHX-AD-1 无容量，继续尝试下一个 AD...
2026-02-28 16:48:45 三个 AD 都失败，本轮结束，随机等待 5 秒...
2026-02-28 16:48:50 创建失败（累计失败次数：9），等待 10 秒后重试...
2026-02-28 16:49:00 开始尝试创建实例（轮询 AD2/AD3/AD1）...
2026-02-28 16:49:00 开始尝试创建实例（轮询 AD2/AD3/AD1）...
2026-02-28 16:49:00 尝试 AD: GrMI:PHX-AD-2
2026-02-28 16:50:43 AD GrMI:PHX-AD-2 无容量，继续尝试下一个 AD...
2026-02-28 16:50:43 尝试 AD: GrMI:PHX-AD-3
2026-02-28 16:52:28 AD GrMI:PHX-AD-3 无容量，继续尝试下一个 AD...
2026-02-28 16:52:28 尝试 AD: GrMI:PHX-AD-1
2026-02-28 16:54:11 AD GrMI:PHX-AD-1 无容量，继续尝试下一个 AD...
2026-02-28 16:54:11 三个 AD 都失败，本轮结束，随机等待 2 秒...
2026-02-28 16:54:13 创建失败（累计失败次数：10），等待 10 秒后重试...
2026-02-28 16:54:23 开始尝试创建实例（轮询 AD2/AD3/AD1）...
2026-02-28 16:54:23 开始尝试创建实例（轮询 AD2/AD3/AD1）...
2026-02-28 16:54:23 尝试 AD: GrMI:PHX-AD-2
2026-02-28 16:56:05 AD GrMI:PHX-AD-2 无容量，继续尝试下一个 AD...
2026-02-28 16:56:05 尝试 AD: GrMI:PHX-AD-3
2026-02-28 16:57:47 API 限流（429），等待 3 秒后继续...
2026-02-28 16:57:50 尝试 AD: GrMI:PHX-AD-1
2026-02-28 16:59:34 AD GrMI:PHX-AD-1 无容量，继续尝试下一个 AD...
2026-02-28 16:59:34 三个 AD 都失败，本轮结束，随机等待 5 秒...
2026-02-28 16:59:39 创建失败（累计失败次数：11），等待 10 秒后重试...
2026-02-28 16:59:49 开始尝试创建实例（轮询 AD2/AD3/AD1）...
2026-02-28 16:59:49 开始尝试创建实例（轮询 AD2/AD3/AD1）...
2026-02-28 16:59:49 尝试 AD: GrMI:PHX-AD-2
2026-02-28 17:01:32 AD GrMI:PHX-AD-2 无容量，继续尝试下一个 AD...
2026-02-28 17:01:32 尝试 AD: GrMI:PHX-AD-3
2026-02-28 17:03:15 AD GrMI:PHX-AD-3 无容量，继续尝试下一个 AD...
2026-02-28 17:03:15 尝试 AD: GrMI:PHX-AD-1
2026-02-28 17:04:59 AD GrMI:PHX-AD-1 无容量，继续尝试下一个 AD...
2026-02-28 17:04:59 三个 AD 都失败，本轮结束，随机等待 3 秒...
2026-02-28 17:05:02 创建失败（累计失败次数：12），等待 10 秒后重试...
2026-02-28 17:05:12 开始尝试创建实例（轮询 AD2/AD3/AD1）...
2026-02-28 17:05:12 开始尝试创建实例（轮询 AD2/AD3/AD1）...
2026-02-28 17:05:12 尝试 AD: GrMI:PHX-AD-2
2026-02-28 17:06:56 AD GrMI:PHX-AD-2 无容量，继续尝试下一个 AD...
2026-02-28 17:06:56 尝试 AD: GrMI:PHX-AD-3
2026-02-28 17:08:39 AD GrMI:PHX-AD-3 无容量，继续尝试下一个 AD...
2026-02-28 17:08:39 尝试 AD: GrMI:PHX-AD-1
2026-02-28 17:10:25 AD GrMI:PHX-AD-1 无容量，继续尝试下一个 AD...
2026-02-28 17:10:25 三个 AD 都失败，本轮结束，随机等待 3 秒...
2026-02-28 17:10:28 创建失败（累计失败次数：13），等待 10 秒后重试...
2026-02-28 17:10:38 开始尝试创建实例（轮询 AD2/AD3/AD1）...
2026-02-28 17:10:38 开始尝试创建实例（轮询 AD2/AD3/AD1）...
2026-02-28 17:10:38 尝试 AD: GrMI:PHX-AD-2
2026-02-28 17:12:21 AD GrMI:PHX-AD-2 无容量，继续尝试下一个 AD...
2026-02-28 17:12:21 尝试 AD: GrMI:PHX-AD-3
2026-02-28 17:14:07 AD GrMI:PHX-AD-3 无容量，继续尝试下一个 AD...
2026-02-28 17:14:07 尝试 AD: GrMI:PHX-AD-1
2026-02-28 17:15:52 AD GrMI:PHX-AD-1 无容量，继续尝试下一个 AD...
2026-02-28 17:15:52 三个 AD 都失败，本轮结束，随机等待 5 秒...
2026-02-28 17:15:57 创建失败（累计失败次数：14），等待 10 秒后重试...
2026-02-28 17:16:07 开始尝试创建实例（轮询 AD2/AD3/AD1）...
2026-02-28 17:16:07 开始尝试创建实例（轮询 AD2/AD3/AD1）...
2026-02-28 17:16:07 尝试 AD: GrMI:PHX-AD-2
2026-02-28 17:17:50 AD GrMI:PHX-AD-2 无容量，继续尝试下一个 AD...
2026-02-28 17:17:50 尝试 AD: GrMI:PHX-AD-3
2026-02-28 17:19:34 AD GrMI:PHX-AD-3 无容量，继续尝试下一个 AD...
2026-02-28 17:19:34 尝试 AD: GrMI:PHX-AD-1
2026-02-28 17:21:18 AD GrMI:PHX-AD-1 无容量，继续尝试下一个 AD...
2026-02-28 17:21:18 三个 AD 都失败，本轮结束，随机等待 3 秒...
2026-02-28 17:21:21 创建失败（累计失败次数：15），等待 10 秒后重试...
2026-02-28 17:21:31 开始尝试创建实例（轮询 AD2/AD3/AD1）...
2026-02-28 17:21:31 开始尝试创建实例（轮询 AD2/AD3/AD1）...
2026-02-28 17:21:31 尝试 AD: GrMI:PHX-AD-2
2026-02-28 17:23:15 AD GrMI:PHX-AD-2 无容量，继续尝试下一个 AD...
2026-02-28 17:23:15 尝试 AD: GrMI:PHX-AD-3
2026-02-28 17:25:00 AD GrMI:PHX-AD-3 无容量，继续尝试下一个 AD...
2026-02-28 17:25:00 尝试 AD: GrMI:PHX-AD-1
2026-02-28 17:26:45 AD GrMI:PHX-AD-1 无容量，继续尝试下一个 AD...
2026-02-28 17:26:45 三个 AD 都失败，本轮结束，随机等待 2 秒...
2026-02-28 17:26:47 创建失败（累计失败次数：16），等待 10 秒后重试...
2026-02-28 17:26:57 开始尝试创建实例（轮询 AD2/AD3/AD1）...
2026-02-28 17:26:57 开始尝试创建实例（轮询 AD2/AD3/AD1）...
2026-02-28 17:26:57 尝试 AD: GrMI:PHX-AD-2
